
> rota-web-app@0.1.0 dev
> next dev

▲ Next.js 16.1.6 (Turbopack)
- Local:         http://localhost:3000
- Network:       http://192.168.0.2:3000
- Environments: .env.local

✓ Starting...
✓ Ready in 3.6s
 GET / 200 in 3.4s (compile: 2.7s, render: 682ms)
 GET / 200 in 135ms (compile: 8ms, render: 127ms)
 GET / 200 in 316ms (compile: 117ms, render: 200ms)
 GET /?room=test-room 200 in 81ms (compile: 4ms, render: 77ms)
 GET /?mode=HvH 200 in 102ms (compile: 5ms, render: 97ms)
 GET /?room=614698a1-61df-4854-bdea-5bc5ede9b626 200 in 35ms (compile: 5ms, render: 31ms)
 GET /?room=test-room 200 in 77ms (compile: 5ms, render: 72ms)
 GET /?mode=HvH 200 in 103ms (compile: 6ms, render: 96ms)
 GET /?room=69620ec1-83a1-4cfb-8668-832992002e5f 200 in 44ms (compile: 6ms, render: 39ms)
 GET /?mode=HvC 200 in 115ms (compile: 7ms, render: 109ms)
 GET /?room=test-room 200 in 100ms (compile: 6ms, render: 94ms)
 GET /?mode=HvH 200 in 128ms (compile: 4ms, render: 123ms)
 GET /?room=6278ee93-bd41-445b-819b-0a0228e92c33 200 in 38ms (compile: 4ms, render: 34ms)
 GET /?mode=HvC 200 in 104ms (compile: 4ms, render: 101ms)
 GET /?room=test-room 200 in 91ms (compile: 4ms, render: 86ms)
 GET /?mode=HvH 200 in 135ms (compile: 6ms, render: 129ms)
 GET /?room=be5ed408-599d-49db-ba0c-32c67bf26e9f 200 in 40ms (compile: 4ms, render: 36ms)
 GET /?mode=HvC 200 in 87ms (compile: 9ms, render: 78ms)
